Added Component: Designator=C1(DIP-EC3.5X8X11.5-A)
Add component. Clean all parameters for all variants
Added Component: Designator=C2(0805_C)
Add component. Clean all parameters for all variants
Added Component: Designator=C3(0805_C)
Add component. Clean all parameters for all variants
Added Component: Designator=C4(0805_C)
Add component. Clean all parameters for all variants
Added Component: Designator=C5(0805_C)
Add component. Clean all parameters for all variants
Added Component: Designator=C6(0805_C)
Add component. Clean all parameters for all variants
Added Component: Designator=C7(0805_C)
Add component. Clean all parameters for all variants
Added Component: Designator=C8(0805_C)
Add component. Clean all parameters for all variants
Added Component: Designator=C9(0805_C)
Add component. Clean all parameters for all variants
Added Component: Designator=C10(0805_C)
Add component. Clean all parameters for all variants
Added Component: Designator=C11(DIP-EC5.0X10X16-A)
Add component. Clean all parameters for all variants
Added Component: Designator=D1(LC-SOD-123F)
Add component. Clean all parameters for all variants
Added Component: Designator=DC05(dc003005互通)
Add component. Clean all parameters for all variants
Added Component: Designator=L1(1040电感)
Add component. Clean all parameters for all variants
Add component (AddParameter): Name = "Code_IEC"; Value = "1005"; VariantName = "[No Variations]"
Add component (AddParameter): Name = "Code_JEITA"; Value = "0402"; VariantName = "[No Variations]"
Add component (AddParameter): Name = "LatestRevisionDate"; Value = "29-May-2009"; VariantName = "[No Variations]"
Add component (AddParameter): Name = "LatestRevisionNote"; Value = "IPC-7351 Footprint Added."; VariantName = "[No Variations]"
Add component (AddParameter): Name = "PackageDescription"; Value = "Chip Inductor"; VariantName = "[No Variations]"
Add component (AddParameter): Name = "PackageReference"; Value = "0402-A"; VariantName = "[No Variations]"
Add component (AddParameter): Name = "Published"; Value = "8-Jun-2000"; VariantName = "[No Variations]"
Add component (AddParameter): Name = "Publisher"; Value = "Altium Limited"; VariantName = "[No Variations]"
Add component (AddParameter): Name = "Value"; Value = "22uH"; VariantName = "[No Variations]"
Added Component: Designator=pad1(PAD 3*5)
Add component. Clean all parameters for all variants
Added Component: Designator=pad2(PAD 3*5)
Add component. Clean all parameters for all variants
Added Component: Designator=pad3(PAD贴片3*5)
Add component. Clean all parameters for all variants
Added Component: Designator=pad4(PAD贴片3*5)
Add component. Clean all parameters for all variants
Added Component: Designator=pad5(PAD3*3)
Add component. Clean all parameters for all variants
Added Component: Designator=pad6(PAD3*3)
Add component. Clean all parameters for all variants
Added Component: Designator=pad7(PAD 3*5)
Add component. Clean all parameters for all variants
Added Component: Designator=pad8(PAD 3*5)
Add component. Clean all parameters for all variants
Added Component: Designator=R1(0805_R)
Add component. Clean all parameters for all variants
Added Component: Designator=R2(0805_R)
Add component. Clean all parameters for all variants
Added Component: Designator=R3(0805_R)
Add component. Clean all parameters for all variants
Added Component: Designator=R4(0805_R)
Add component. Clean all parameters for all variants
Added Component: Designator=R5(0805_R)
Add component. Clean all parameters for all variants
Added Component: Designator=R6(1206_R)
Add component. Clean all parameters for all variants
Added Component: Designator=R7(0805_R)
Add component. Clean all parameters for all variants
Added Component: Designator=R8(1206_R)
Add component. Clean all parameters for all variants
Added Component: Designator=R9(0805_R)
Add component. Clean all parameters for all variants
Added Component: Designator=R10(0805_R)
Add component. Clean all parameters for all variants
Added Component: Designator=R11(0805_R)
Add component. Clean all parameters for all variants
Added Component: Designator=R12(0805_R)
Add component. Clean all parameters for all variants
Added Component: Designator=R13(RK097N电位器)
Add component. Clean all parameters for all variants
Added Component: Designator=R14(0805_R)
Add component. Clean all parameters for all variants
Added Component: Designator=R15(0805_R)
Add component. Clean all parameters for all variants
Added Component: Designator=S1(smd4*4轻触开关)
Add component. Clean all parameters for all variants
Added Component: Designator=U1(LC-QFN-20_4x4x05P)
Add component. Clean all parameters for all variants
Added Component: Designator=U2(LC-DFN-8_5x6mm)
Add component. Clean all parameters for all variants
Added Component: Designator=U3(LC-DFN-8_5x6mm)
Add component. Clean all parameters for all variants
Added Component: Designator=U4(LC-DFN-8_5x6mm)
Add component. Clean all parameters for all variants
Added Pin To Net: NetName=COMP Pin=C6-2
Added Pin To Net: NetName=COMP Pin=R1-2
Added Pin To Net: NetName=COMP Pin=U1-4
Added Net: Name=COMP
Added Pin To Net: NetName=CS34 Pin=C4-2
Added Pin To Net: NetName=CS34 Pin=U1-13
Added Pin To Net: NetName=CS34 Pin=U1-18
Added Net: Name=CS34
Added Pin To Net: NetName=FB Pin=R12-2
Added Pin To Net: NetName=FB Pin=R13-2
Added Pin To Net: NetName=FB Pin=R13-2
Added Pin To Net: NetName=FB Pin=U1-6
Added Net: Name=FB
Added Pin To Net: NetName=GND_OUT Pin=pad1-1
Added Pin To Net: NetName=GND_OUT Pin=R5-2
Added Pin To Net: NetName=GND_OUT Pin=R6-2
Added Net: Name=GND_OUT
Added Pin To Net: NetName=GND Pin=C2-1
Added Pin To Net: NetName=GND Pin=C3-1
Added Pin To Net: NetName=GND Pin=C4-1
Added Pin To Net: NetName=GND Pin=C5-1
Added Pin To Net: NetName=GND Pin=C6-1
Added Pin To Net: NetName=GND Pin=C8-2
Added Pin To Net: NetName=GND Pin=C9-1
Added Pin To Net: NetName=GND Pin=C10-1
Added Pin To Net: NetName=GND Pin=D1-1
Added Pin To Net: NetName=GND Pin=DC05-2
Added Pin To Net: NetName=GND Pin=DC05-2
Added Pin To Net: NetName=GND Pin=DC05-3
Added Pin To Net: NetName=GND Pin=DC05-3
Added Pin To Net: NetName=GND Pin=pad5-1
Added Pin To Net: NetName=GND Pin=R2-1
Added Pin To Net: NetName=GND Pin=R6-1
Added Pin To Net: NetName=GND Pin=R12-1
Added Pin To Net: NetName=GND Pin=U1-15
Added Pin To Net: NetName=GND Pin=U1-16
Added Pin To Net: NetName=GND Pin=U3-S
Added Pin To Net: NetName=GND Pin=U3-S
Added Pin To Net: NetName=GND Pin=U3-S
Added Net: Name=GND
Added Pin To Net: NetName=HSD Pin=R9-2
Added Pin To Net: NetName=HSD Pin=U1-20
Added Net: Name=HSD
Added Pin To Net: NetName=ISENSE Pin=R7-1
Added Pin To Net: NetName=ISENSE Pin=U1-3
Added Net: Name=ISENSE
Added Pin To Net: NetName=ISET Pin=R2-2
Added Pin To Net: NetName=ISET Pin=R3-1
Added Pin To Net: NetName=ISET Pin=U1-8
Added Net: Name=ISET
Added Pin To Net: NetName=LSD Pin=R10-2
Added Pin To Net: NetName=LSD Pin=U1-17
Added Net: Name=LSD
Added Pin To Net: NetName=NetC5_2 Pin=C5-2
Added Pin To Net: NetName=NetC5_2 Pin=R1-1
Added Net: Name=NetC5_2
Added Pin To Net: NetName=NetC7_2 Pin=C7-2
Added Pin To Net: NetName=NetC7_2 Pin=U1-1
Added Net: Name=NetC7_2
Added Pin To Net: NetName=NetC8_1 Pin=C8-1
Added Pin To Net: NetName=NetC8_1 Pin=U1-14
Added Net: Name=NetC8_1
Added Pin To Net: NetName=NetC9_2 Pin=C9-2
Added Pin To Net: NetName=NetC9_2 Pin=R5-1
Added Pin To Net: NetName=NetC9_2 Pin=U1-9
Added Pin To Net: NetName=NetC9_2 Pin=U1-10
Added Pin To Net: NetName=NetC9_2 Pin=U1-11
Added Pin To Net: NetName=NetC9_2 Pin=U1-12
Added Net: Name=NetC9_2
Added Pin To Net: NetName=Netpad3_1 Pin=S1-1
Added Pin To Net: NetName=Netpad3_1 Pin=S1-4
Added Net: Name=Netpad3_1
Added Pin To Net: NetName=Netpad4_1 Pin=S1-2
Added Pin To Net: NetName=Netpad4_1 Pin=S1-3
Added Net: Name=Netpad4_1
Added Pin To Net: NetName=Netpad6_1 Pin=pad6-1
Added Pin To Net: NetName=Netpad6_1 Pin=R14-2
Added Net: Name=Netpad6_1
Added Pin To Net: NetName=Netpad7_1 Pin=pad7-1
Added Pin To Net: NetName=Netpad7_1 Pin=U4-D
Added Pin To Net: NetName=Netpad7_1 Pin=U4-D
Added Pin To Net: NetName=Netpad7_1 Pin=U4-D
Added Pin To Net: NetName=Netpad7_1 Pin=U4-D
Added Pin To Net: NetName=Netpad7_1 Pin=U4-D
Added Net: Name=Netpad7_1
Added Pin To Net: NetName=NetR3_2 Pin=R3-2
Added Pin To Net: NetName=NetR3_2 Pin=U1-5
Added Net: Name=NetR3_2
Added Pin To Net: NetName=NetR4_2 Pin=R4-2
Added Pin To Net: NetName=NetR4_2 Pin=U1-7
Added Net: Name=NetR4_2
Added Pin To Net: NetName=NetR7_2 Pin=R7-2
Added Pin To Net: NetName=NetR7_2 Pin=R8-1
Added Pin To Net: NetName=NetR7_2 Pin=U2-D
Added Pin To Net: NetName=NetR7_2 Pin=U2-D
Added Pin To Net: NetName=NetR7_2 Pin=U2-D
Added Pin To Net: NetName=NetR7_2 Pin=U2-D
Added Pin To Net: NetName=NetR7_2 Pin=U2-D
Added Net: Name=NetR7_2
Added Pin To Net: NetName=NetR9_1 Pin=R9-1
Added Pin To Net: NetName=NetR9_1 Pin=U2-G
Added Net: Name=NetR9_1
Added Pin To Net: NetName=NetR10_1 Pin=R10-1
Added Pin To Net: NetName=NetR10_1 Pin=U3-G
Added Net: Name=NetR10_1
Added Pin To Net: NetName=NetR11_1 Pin=R11-1
Added Pin To Net: NetName=NetR11_1 Pin=R13-3
Added Pin To Net: NetName=NetR11_1 Pin=R13-3
Added Net: Name=NetR11_1
Added Pin To Net: NetName=NetR14_1 Pin=R14-1
Added Pin To Net: NetName=NetR14_1 Pin=R15-2
Added Pin To Net: NetName=NetR14_1 Pin=U4-G
Added Net: Name=NetR14_1
Added Pin To Net: NetName=PWR Pin=DC05-1
Added Pin To Net: NetName=PWR Pin=DC05-1
Added Pin To Net: NetName=PWR Pin=R15-1
Added Pin To Net: NetName=PWR Pin=U4-S
Added Pin To Net: NetName=PWR Pin=U4-S
Added Pin To Net: NetName=PWR Pin=U4-S
Added Net: Name=PWR
Added Pin To Net: NetName=SW Pin=C7-1
Added Pin To Net: NetName=SW Pin=L1-1
Added Pin To Net: NetName=SW Pin=U1-19
Added Pin To Net: NetName=SW Pin=U2-S
Added Pin To Net: NetName=SW Pin=U2-S
Added Pin To Net: NetName=SW Pin=U2-S
Added Pin To Net: NetName=SW Pin=U3-D
Added Pin To Net: NetName=SW Pin=U3-D
Added Pin To Net: NetName=SW Pin=U3-D
Added Pin To Net: NetName=SW Pin=U3-D
Added Pin To Net: NetName=SW Pin=U3-D
Added Net: Name=SW
Added Pin To Net: NetName=VIN Pin=C2-2
Added Pin To Net: NetName=VIN Pin=C3-2
Added Pin To Net: NetName=VIN Pin=D1-2
Added Pin To Net: NetName=VIN Pin=pad8-1
Added Pin To Net: NetName=VIN Pin=R4-1
Added Pin To Net: NetName=VIN Pin=R8-2
Added Pin To Net: NetName=VIN Pin=U1-2
Added Net: Name=VIN
Added Pin To Net: NetName=VOUT Pin=C10-2
Added Pin To Net: NetName=VOUT Pin=L1-2
Added Pin To Net: NetName=VOUT Pin=pad2-1
Added Pin To Net: NetName=VOUT Pin=R11-2
Added Net: Name=VOUT
Added Member To Class: ClassName=td8655 Member=Component C1 100uF
Added Member To Class: ClassName=td8655 Member=Component C2 10uF
Added Member To Class: ClassName=td8655 Member=Component C3 0.1uF
Added Member To Class: ClassName=td8655 Member=Component C4 1uF
Added Member To Class: ClassName=td8655 Member=Component C5 2.2nF
Added Member To Class: ClassName=td8655 Member=Component C6 220pF
Added Member To Class: ClassName=td8655 Member=Component C7 100nF
Added Member To Class: ClassName=td8655 Member=Component C8 100nF
Added Member To Class: ClassName=td8655 Member=Component C9 4.7uF
Added Member To Class: ClassName=td8655 Member=Component C10 4.7uF
Added Member To Class: ClassName=td8655 Member=Component C11 330uF
Added Member To Class: ClassName=td8655 Member=Component D1 SMF 11.0A
Added Member To Class: ClassName=td8655 Member=Component DC05
Added Member To Class: ClassName=td8655 Member=Component L1 Inductor
Added Member To Class: ClassName=td8655 Member=Component pad1 gnd_out
Added Member To Class: ClassName=td8655 Member=Component pad2 VOUT
Added Member To Class: ClassName=td8655 Member=Component pad3 s1
Added Member To Class: ClassName=td8655 Member=Component pad4 s2
Added Member To Class: ClassName=td8655 Member=Component pad5 S1
Added Member To Class: ClassName=td8655 Member=Component pad6 S2
Added Member To Class: ClassName=td8655 Member=Component pad7 pwr
Added Member To Class: ClassName=td8655 Member=Component pad8 VIN
Added Member To Class: ClassName=td8655 Member=Component R1 300K
Added Member To Class: ClassName=td8655 Member=Component R2 39K
Added Member To Class: ClassName=td8655 Member=Component R3 20K
Added Member To Class: ClassName=td8655 Member=Component R4 1M
Added Member To Class: ClassName=td8655 Member=Component R5 4.7
Added Member To Class: ClassName=td8655 Member=Component R6 0.005
Added Member To Class: ClassName=td8655 Member=Component R7 20
Added Member To Class: ClassName=td8655 Member=Component R8 0.005
Added Member To Class: ClassName=td8655 Member=Component R9 2.2
Added Member To Class: ClassName=td8655 Member=Component R10 2.2
Added Member To Class: ClassName=td8655 Member=Component R11 3.3k
Added Member To Class: ClassName=td8655 Member=Component R12 2.7k
Added Member To Class: ClassName=td8655 Member=Component R13 电位器20K
Added Member To Class: ClassName=td8655 Member=Component R14 20k
Added Member To Class: ClassName=td8655 Member=Component R15 10k
Added Member To Class: ClassName=td8655 Member=Component S1 KEY_4PIN
Added Member To Class: ClassName=td8655 Member=Component U1 TD8655
Added Member To Class: ClassName=td8655 Member=Component U2 nmos
Added Member To Class: ClassName=td8655 Member=Component U3 nmos
Added Member To Class: ClassName=td8655 Member=Component U4 pmos
Added Room: Name=td8655
